[debug] > Exec(early(addDefaultCommands), None, None)
[debug] > Exec(addDefaultCommands, None, None)
[debug] > Exec(early(initialize), None, None)
[debug] > Exec(initialize, None, None)
[debug] > Exec(early(addPluginSbtFile="""C:\Users\USUARI~1\AppData\Local\Temp\idea.sbt"""), None, None)
[debug] > Exec(addPluginSbtFile="""C:\Users\USUARI~1\AppData\Local\Temp\idea.sbt""", None, None)
[debug] > Exec(boot, None, None)
[debug] > Exec(writeSbtVersion, None, None)
[debug] > Exec(reload, None, None)
[debug] > Exec(sbtStashOnFailure, None, None)
[debug] > Exec(onFailure loadFailed, None, None)
[debug] > Exec(loadp, None, None)
[info] welcome to sbt 1.4.6 (Amazon.com Inc. Java 1.8.0_275)
[debug]       Load.loadUnit: plugins took 78.8518ms
[debug]       Load.loadUnit: defsScala took 0.29ms
[debug] [Loading] Scanning directory C:\Users\Usuario iTC\.sbt\1.0\plugins
[debug] [Loading] Found non-root projects 
[debug] [Loading] Done in C:\Users\Usuario iTC\.sbt\1.0\plugins, returning: ()
[debug] deducing auto plugins based on known facts Set(Atom(sbt.plugins.CorePlugin)) and clauses Clauses(List(Clause(Atom(sbt.plugins.JvmPlugin),Set(Atom(sbt.plugins.IvyPlugin))), Clause(Atom(sbt.ScriptedPlugin),Set(Atom(sbt.plugins.JvmPlugin))), Clause(Atom(sbt.plugins.SbtPlugin),Set(Atom(sbt.ScriptedPlugin))), Clause(Atom(sbt.plugins.SemanticdbPlugin),Set(Atom(sbt.plugins.JvmPlugin))), Clause(Atom(sbt.plugins.JUnitXmlReportPlugin),Set(Atom(sbt.plugins.JvmPlugin))), Clause(Atom(sbt.plugins.MiniDependencyTreePlugin),Set(Atom(sbt.plugins.JvmPlugin))), Clause(Atom(sbt.plugins.CorePlugin),Set(Atom(sbt.plugins.IvyPlugin))), Clause(Atom(sbt.plugins.IvyPlugin),Set(Atom(sbt.plugins.JvmPlugin))), Clause(Atom(sbt.plugins.JvmPlugin),Set(Atom(sbt.plugins.SemanticdbPlugin))), Clause(Atom(sbt.plugins.JvmPlugin),Set(Atom(sbt.plugins.JUnitXmlReportPlugin))), Clause(Atom(sbt.plugins.CorePlugin),Set(Atom(sbt.plugins.Giter8TemplatePlugin))), Clause(Atom(sbt.plugins.JvmPlugin),Set(Atom(sbt.plugins.MiniDependencyTreePlugin)))))
[debug]   :: deduced result: Matched(sbt.plugins.CorePlugin,sbt.plugins.Giter8TemplatePlugin,sbt.plugins.IvyPlugin,sbt.plugins.JvmPlugin,sbt.plugins.MiniDependencyTreePlugin,sbt.plugins.JUnitXmlReportPlugin,sbt.plugins.SemanticdbPlugin)
[debug] Plugins.deducer#function took 16.1273 ms
[debug]           Load.resolveProject(global-plugins) took 41.0129ms
[debug]         Load.loadTransitive: finalizeProject(Project(id global-plugins, base: C:\Users\Usuario iTC\.sbt\1.0\plugins, plugins: List(<none>))) took 81.9431ms
[debug] [Loading] Done in C:\Users\Usuario iTC\.sbt\1.0\plugins, returning: (global-plugins)
[debug]       Load.loadUnit: loadedProjectsRaw took 98.3782ms
[debug]       Load.loadUnit: cleanEvalClasses took 0.1783ms
[debug]     Load.loadUnit(file:/C:/Users/Usuario%20iTC/.sbt/1.0/plugins/, ...) took 183.0995ms
[debug]   Load.apply: load took 409.8603ms
[debug]   Load.apply: resolveProjects took 4.4381ms
[debug]   Load.apply: finalTransforms took 42.1735ms
[debug]   Load.apply: config.delegates took 7.8604ms
[debug]   Load.apply: Def.make(settings)... took 1144.693ms
[debug]   Load.apply: structureIndex took 86.3226ms
[debug]   Load.apply: mkStreams took 1.4918ms
[info] loading global plugins from C:\Users\Usuario iTC\.sbt\1.0\plugins
[debug] Running task... Cancel: Signal, check cycles: false, forcegc: true
[debug] Load.defaultLoad until apply took 4967.1853ms
[debug]           Load.loadUnit: plugins took 23.7506ms
[debug]           Load.loadUnit: defsScala took 0.0083ms
[debug] [Loading] Scanning directory C:\Users\Usuario iTC\OneDrive\Escritorio\Universidad\TercerCiclo\Programacion\o20f21-pfr-pintegrador\project
[debug]             Load.loadUnit: mkEval took 12.2023ms
[debug] [Loading] Found non-root projects 
[debug] [Loading] Done in C:\Users\Usuario iTC\OneDrive\Escritorio\Universidad\TercerCiclo\Programacion\o20f21-pfr-pintegrador\project, returning: ()
[debug] deducing auto plugins based on known facts Set(Atom(sbt.plugins.CorePlugin)) and clauses Clauses(List(Clause(Atom(sbt.plugins.JvmPlugin),Set(Atom(sbt.plugins.IvyPlugin))), Clause(Atom(sbt.ScriptedPlugin),Set(Atom(sbt.plugins.JvmPlugin))), Clause(Atom(sbt.plugins.SbtPlugin),Set(Atom(sbt.ScriptedPlugin))), Clause(Atom(sbt.plugins.SemanticdbPlugin),Set(Atom(sbt.plugins.JvmPlugin))), Clause(Atom(sbt.plugins.JUnitXmlReportPlugin),Set(Atom(sbt.plugins.JvmPlugin))), Clause(Atom(sbt.plugins.MiniDependencyTreePlugin),Set(Atom(sbt.plugins.JvmPlugin))), Clause(Atom(sbt.plugins.CorePlugin),Set(Atom(sbt.plugins.IvyPlugin))), Clause(Atom(sbt.plugins.IvyPlugin),Set(Atom(sbt.plugins.JvmPlugin))), Clause(Atom(sbt.plugins.JvmPlugin),Set(Atom(sbt.plugins.SemanticdbPlugin))), Clause(Atom(sbt.plugins.JvmPlugin),Set(Atom(sbt.plugins.JUnitXmlReportPlugin))), Clause(Atom(sbt.plugins.CorePlugin),Set(Atom(sbt.plugins.Giter8TemplatePlugin))), Clause(Atom(sbt.plugins.JvmPlugin),Set(Atom(sbt.plugins.MiniDependencyTreePlugin)))))
[debug]   :: deduced result: Matched(sbt.plugins.CorePlugin,sbt.plugins.Giter8TemplatePlugin,sbt.plugins.IvyPlugin,sbt.plugins.JvmPlugin,sbt.plugins.MiniDependencyTreePlugin,sbt.plugins.JUnitXmlReportPlugin,sbt.plugins.SemanticdbPlugin)
[debug] Plugins.deducer#function took 1.2362 ms
[info] loading settings for project o20f21-pfr-pintegrador-build from idea.sbt ...
[debug]               Load.resolveProject(o20f21-pfr-pintegrador-build) took 12.9695ms
[debug]             Load.loadTransitive: finalizeProject(Project(id o20f21-pfr-pintegrador-build, base: C:\Users\Usuario iTC\OneDrive\Escritorio\Universidad\TercerCiclo\Programacion\o20f21-pfr-pintegrador\project, plugins: List(<none>))) took 14.6415ms
[debug] [Loading] Done in C:\Users\Usuario iTC\OneDrive\Escritorio\Universidad\TercerCiclo\Programacion\o20f21-pfr-pintegrador\project, returning: (o20f21-pfr-pintegrador-build)
[debug]           Load.loadUnit: loadedProjectsRaw took 1962.0594ms
[debug]           Load.loadUnit: cleanEvalClasses took 4.0978ms
[debug]         Load.loadUnit(file:/C:/Users/Usuario%20iTC/OneDrive/Escritorio/Universidad/TercerCiclo/Programacion/o20f21-pfr-pintegrador/project/, ...) took 1991.1591ms
[debug]       Load.apply: load took 1992.5666ms
[debug]       Load.apply: resolveProjects took 0.0865ms
[debug]       Load.apply: finalTransforms took 10.315ms
[debug]       Load.apply: config.delegates took 0.2705ms
[debug]       Load.apply: Def.make(settings)... took 76.2223ms
[debug]       Load.apply: structureIndex took 16.1498ms
[debug]       Load.apply: mkStreams took 0.0033ms
[info] loading project definition from C:\Users\Usuario iTC\OneDrive\Escritorio\Universidad\TercerCiclo\Programacion\o20f21-pfr-pintegrador\project
[debug] Running task... Cancel: Signal, check cycles: false, forcegc: true
[debug]     Load.loadUnit: plugins took 3736.1803ms
[debug]     Load.loadUnit: defsScala took 0.0029ms
[debug] [Loading] Scanning directory C:\Users\Usuario iTC\OneDrive\Escritorio\Universidad\TercerCiclo\Programacion\o20f21-pfr-pintegrador
[debug]       Load.loadUnit: mkEval took 0.3312ms
[debug] [Loading] Found non-root projects 
[debug] [Loading] Done in C:\Users\Usuario iTC\OneDrive\Escritorio\Universidad\TercerCiclo\Programacion\o20f21-pfr-pintegrador, returning: ()
[debug] deducing auto plugins based on known facts Set(Atom(sbt.plugins.CorePlugin)) and clauses Clauses(List(Clause(Atom(sbt.plugins.JvmPlugin),Set(Atom(sbt.plugins.IvyPlugin))), Clause(Atom(sbt.ScriptedPlugin),Set(Atom(sbt.plugins.JvmPlugin))), Clause(Atom(sbt.plugins.SbtPlugin),Set(Atom(sbt.ScriptedPlugin))), Clause(Atom(sbt.plugins.SemanticdbPlugin),Set(Atom(sbt.plugins.JvmPlugin))), Clause(Atom(sbt.plugins.JUnitXmlReportPlugin),Set(Atom(sbt.plugins.JvmPlugin))), Clause(Atom(sbt.plugins.MiniDependencyTreePlugin),Set(Atom(sbt.plugins.JvmPlugin))), Clause(Atom(org.jetbrains.sbt.StructurePlugin),Set(Atom(sbt.plugins.JvmPlugin))), Clause(Atom(org.jetbrains.sbt.IdeaShellPlugin),Set(Atom(sbt.plugins.JvmPlugin))), Clause(Atom(org.jetbrains.sbt.indices.SbtIntellijIndicesPlugin),Set(Atom(sbt.plugins.JvmPlugin))), Clause(Atom(sbt.plugins.CorePlugin),Set(Atom(sbt.plugins.IvyPlugin))), Clause(Atom(sbt.plugins.IvyPlugin),Set(Atom(sbt.plugins.JvmPlugin))), Clause(Atom(sbt.plugins.JvmPlugin),Set(Atom(sbt.plugins.SemanticdbPlugin))), Clause(Atom(sbt.plugins.JvmPlugin),Set(Atom(sbt.plugins.JUnitXmlReportPlugin))), Clause(Atom(sbt.plugins.CorePlugin),Set(Atom(sbt.plugins.Giter8TemplatePlugin))), Clause(Atom(sbt.plugins.JvmPlugin),Set(Atom(sbt.plugins.MiniDependencyTreePlugin))), Clause(Atom(sbt.plugins.JvmPlugin),Set(Atom(org.jetbrains.sbt.StructurePlugin))), Clause(Atom(sbt.plugins.JvmPlugin),Set(Atom(org.jetbrains.sbt.IdeaShellPlugin))), Clause(And(Set(Atom(sbt.plugins.CorePlugin), Atom(sbt.plugins.JvmPlugin))),Set(Atom(org.jetbrains.sbt.indices.SbtIntellijIndicesPlugin)))))
[debug]   :: deduced result: Matched(sbt.plugins.CorePlugin,sbt.plugins.Giter8TemplatePlugin,sbt.plugins.IvyPlugin,sbt.plugins.JvmPlugin,sbt.plugins.SemanticdbPlugin,org.jetbrains.sbt.indices.SbtIntellijIndicesPlugin,sbt.plugins.JUnitXmlReportPlugin,org.jetbrains.sbt.IdeaShellPlugin,org.jetbrains.sbt.StructurePlugin,sbt.plugins.MiniDependencyTreePlugin)
[debug] Plugins.deducer#function took 1.4276 ms
[info] loading settings for project o20f21-pfr-pintegrador from build.sbt ...
[debug]         Load.resolveProject(o20f21-pfr-pintegrador) took 32.5006ms
[debug]       Load.loadTransitive: finalizeProject(Project(id o20f21-pfr-pintegrador, base: C:\Users\Usuario iTC\OneDrive\Escritorio\Universidad\TercerCiclo\Programacion\o20f21-pfr-pintegrador, plugins: List(<none>))) took 34.7518ms
[debug] [Loading] Done in C:\Users\Usuario iTC\OneDrive\Escritorio\Universidad\TercerCiclo\Programacion\o20f21-pfr-pintegrador, returning: (o20f21-pfr-pintegrador)
[debug]     Load.loadUnit: loadedProjectsRaw took 1769.2211ms
[debug]     Load.loadUnit: cleanEvalClasses took 43.4646ms
[debug]   Load.loadUnit(file:/C:/Users/Usuario%20iTC/OneDrive/Escritorio/Universidad/TercerCiclo/Programacion/o20f21-pfr-pintegrador/, ...) took 5549.8232ms
[debug] Load.apply: load took 5551.3699ms
[debug] Load.apply: resolveProjects took 0.1416ms
[debug] Load.apply: finalTransforms took 21.2802ms
[debug] Load.apply: config.delegates took 0.3116ms
[debug] Load.apply: Def.make(settings)... took 47.4285ms
[debug] Load.apply: structureIndex took 16.9069ms
[debug] Load.apply: mkStreams took 0.0019ms
[info] set current project to ProyectoIntegrador (in build file:/C:/Users/Usuario%20iTC/OneDrive/Escritorio/Universidad/TercerCiclo/Programacion/o20f21-pfr-pintegrador/)
[debug] > Exec(sbtPopOnFailure, None, None)
[debug] > Exec(resumeFromFailure, None, None)
[debug] > Exec(notifyUsersAboutShell, None, None)
[debug] > Exec(iflast shell, None, None)
[debug] > Exec(; set ideaPort in Global := 54404 ; idea-shell, None, None)
[debug] > Exec(set ideaPort in Global := 54404, None, None)
[info] Defining Global / ideaPort
[info] The new value will be used by Compile / compile, Test / compile
[debug] Defining 
[debug] 	Global / ideaPort
[debug] 
[debug] The new value will be used by 
[debug] 	Compile / compile
[debug] 	Test / compile
[info] Reapplying settings...
[info] set current project to ProyectoIntegrador (in build file:/C:/Users/Usuario%20iTC/OneDrive/Escritorio/Universidad/TercerCiclo/Programacion/o20f21-pfr-pintegrador/)
[debug] > Exec(idea-shell, None, None)
